<?xml version="1.0" encoding="UTF-8"?>
<!-- Generated by org.testng.reporters.JUnitReportReporter -->
<testsuite skipped="0" hostname="LAPTOP-F4PAR407" name="selenium.java.testng.FirstTest" tests="2" failures="0" timestamp="09 May 2020 06:45:10 GMT" time="69.571" errors="0">
  <testcase name="mySecondCase" time="0.003" classname="selenium.java.testng.FirstTest"/>
  <testcase name="myFirstCase" time="69.568" classname="selenium.java.testng.FirstTest"/>
</testsuite> <!-- selenium.java.testng.FirstTest -->
